<?xml version="1.0" encoding="UTF-8"?>
<testng-results ignored="0" total="1" passed="1" failed="0" skipped="0">
  <reporter-output>
  </reporter-output>
  <suite started-at="2025-04-02T14:11:53 IST" name="Default suite" finished-at="2025-04-02T14:12:04 IST" duration-ms="11337">
    <groups>
    </groups>
    <test started-at="2025-04-02T14:11:53 IST" name="Default test" finished-at="2025-04-02T14:12:04 IST" duration-ms="11337">
      <class name="flip.org.FlipAutomateTest">
        <test-method is-config="true" signature="setup()[pri:0, instance:flip.org.FlipAutomateTest@7cc0cdad]" started-at="2025-04-02T14:11:53 IST" name="setup" finished-at="2025-04-02T14:11:57 IST" duration-ms="4555" status="PASS">
          <reporter-output>
          </reporter-output>
        </test-method> <!-- setup -->
        <test-method signature="addToCartTest()[pri:0, instance:flip.org.FlipAutomateTest@7cc0cdad]" started-at="2025-04-02T14:11:57 IST" name="addToCartTest" finished-at="2025-04-02T14:12:04 IST" duration-ms="6393" status="PASS">
          <reporter-output>
          </reporter-output>
        </test-method> <!-- addToCartTest -->
        <test-method is-config="true" signature="tearDown()[pri:0, instance:flip.org.FlipAutomateTest@7cc0cdad]" started-at="2025-04-02T14:12:04 IST" name="tearDown" finished-at="2025-04-02T14:12:04 IST" duration-ms="317" status="PASS">
          <reporter-output>
          </reporter-output>
        </test-method> <!-- tearDown -->
      </class> <!-- flip.org.FlipAutomateTest -->
    </test> <!-- Default test -->
  </suite> <!-- Default suite -->
</testng-results>
